Copyright 1986-2020 Xilinx, Inc. All Rights Reserved.
---------------------------------------------------------------------------------------------------------------------------------------
| Tool Version : Vivado v.2020.2 (win64) Build 3064766 Wed Nov 18 09:12:45 MST 2020
| Date         : Mon Aug  8 18:42:36 2022
| Host         : ShenYilin-Laptop running 64-bit major release  (build 9200)
| Command      : report_drc -file design_1_wrapper_drc_opted.rpt -pb design_1_wrapper_drc_opted.pb -rpx design_1_wrapper_drc_opted.rpx
| Design       : design_1_wrapper
| Device       : xc7z020clg400-1
| Speed File   : -1
| Design State : Synthesized
---------------------------------------------------------------------------------------------------------------------------------------

Report DRC

Table of Contents
-----------------
1. REPORT SUMMARY
2. REPORT DETAILS

1. REPORT SUMMARY
-----------------
            Netlist: netlist
          Floorplan: design_1
      Design limits: <entire design considered>
           Ruledeck: default
             Max violations: <unlimited>
             Violations found: 81
+-----------+----------+----------------------------+------------+
| Rule      | Severity | Description                | Violations |
+-----------+----------+----------------------------+------------+
| DPIP-1    | Warning  | Input pipelining           | 3          |
| DPOP-1    | Warning  | PREG Output pipelining     | 22         |
| DPOP-2    | Warning  | MREG Output pipelining     | 44         |
| REQP-1840 | Warning  | RAMB18 async control check | 12         |
+-----------+----------+----------------------------+------------+

2. REPORT DETAILS
-----------------
DPIP-1#1 Warning
Input pipelining  
DSP design_1_i/fast_accel_0/inst/mul_32ns_32s_62_2_1_U2/fast_accel_mul_32ns_32s_62_2_1_Multiplier_1_U/p_reg input design_1_i/fast_accel_0/inst/mul_32ns_32s_62_2_1_U2/fast_accel_mul_32ns_32s_62_2_1_Multiplier_1_U/p_reg/A[29:0] is not pipelined. Pipelining DSP48 input will improve performance.
Related violations: <none>

DPIP-1#2 Warning
Input pipelining  
DSP design_1_i/fast_accel_0/inst/mul_32ns_32s_62_2_1_U2/fast_accel_mul_32ns_32s_62_2_1_Multiplier_1_U/tmp_product input design_1_i/fast_accel_0/inst/mul_32ns_32s_62_2_1_U2/fast_accel_mul_32ns_32s_62_2_1_Multiplier_1_U/tmp_product/B[17:0] is not pipelined. Pipelining DSP48 input will improve performance.
Related violations: <none>

DPIP-1#3 Warning
Input pipelining  
DSP design_1_i/fast_accel_0/inst/mul_32ns_32s_62_2_1_U2/fast_accel_mul_32ns_32s_62_2_1_Multiplier_1_U/tmp_product__0 input design_1_i/fast_accel_0/inst/mul_32ns_32s_62_2_1_U2/fast_accel_mul_32ns_32s_62_2_1_Multiplier_1_U/tmp_product__0/A[29:0] is not pipelined. Pipelining DSP48 input will improve performance.
Related violations: <none>

DPOP-1#1 Warning
PREG Output pipelining  
DSP design_1_i/fast_accel_0/inst/mul_32ns_32ns_64_2_1_U1/fast_accel_mul_32ns_32ns_64_2_1_Multiplier_0_U/tmp_product output design_1_i/fast_accel_0/inst/mul_32ns_32ns_64_2_1_U1/fast_accel_mul_32ns_32ns_64_2_1_Multiplier_0_U/tmp_product/P[47:0] is not pipelined (PREG=0). Pipelining the DSP48 output will improve performance and often saves power so it is suggested whenever possible to fully pipeline this function.  If this DSP48 function was inferred, it is suggested to describe an additional register stage after this function.  If the DSP48 was instantiated in the design, it is suggested to set the PREG attribute to 1.
Related violations: <none>

DPOP-1#2 Warning
PREG Output pipelining  
DSP design_1_i/fast_accel_0/inst/mul_32ns_32ns_64_2_1_U1/fast_accel_mul_32ns_32ns_64_2_1_Multiplier_0_U/tmp_product__0 output design_1_i/fast_accel_0/inst/mul_32ns_32ns_64_2_1_U1/fast_accel_mul_32ns_32ns_64_2_1_Multiplier_0_U/tmp_product__0/P[47:0] is not pipelined (PREG=0). Pipelining the DSP48 output will improve performance and often saves power so it is suggested whenever possible to fully pipeline this function.  If this DSP48 function was inferred, it is suggested to describe an additional register stage after this function.  If the DSP48 was instantiated in the design, it is suggested to set the PREG attribute to 1.
Related violations: <none>

DPOP-1#3 Warning
PREG Output pipelining  
DSP design_1_i/fast_accel_0/inst/mul_32ns_32s_62_2_1_U2/fast_accel_mul_32ns_32s_62_2_1_Multiplier_1_U/tmp_product output design_1_i/fast_accel_0/inst/mul_32ns_32s_62_2_1_U2/fast_accel_mul_32ns_32s_62_2_1_Multiplier_1_U/tmp_product/P[47:0] is not pipelined (PREG=0). Pipelining the DSP48 output will improve performance and often saves power so it is suggested whenever possible to fully pipeline this function.  If this DSP48 function was inferred, it is suggested to describe an additional register stage after this function.  If the DSP48 was instantiated in the design, it is suggested to set the PREG attribute to 1.
Related violations: <none>

DPOP-1#4 Warning
PREG Output pipelining  
DSP design_1_i/fast_accel_0/inst/mul_32ns_32s_62_2_1_U2/fast_accel_mul_32ns_32s_62_2_1_Multiplier_1_U/tmp_product__0 output design_1_i/fast_accel_0/inst/mul_32ns_32s_62_2_1_U2/fast_accel_mul_32ns_32s_62_2_1_Multiplier_1_U/tmp_product__0/P[47:0] is not pipelined (PREG=0). Pipelining the DSP48 output will improve performance and often saves power so it is suggested whenever possible to fully pipeline this function.  If this DSP48 function was inferred, it is suggested to describe an additional register stage after this function.  If the DSP48 was instantiated in the design, it is suggested to set the PREG attribute to 1.
Related violations: <none>

DPOP-1#5 Warning
PREG Output pipelining  
DSP design_1_i/fast_accel_0/inst/mul_32ns_32s_62_2_1_U3/fast_accel_mul_32ns_32s_62_2_1_Multiplier_1_U/tmp_product output design_1_i/fast_accel_0/inst/mul_32ns_32s_62_2_1_U3/fast_accel_mul_32ns_32s_62_2_1_Multiplier_1_U/tmp_product/P[47:0] is not pipelined (PREG=0). Pipelining the DSP48 output will improve performance and often saves power so it is suggested whenever possible to fully pipeline this function.  If this DSP48 function was inferred, it is suggested to describe an additional register stage after this function.  If the DSP48 was instantiated in the design, it is suggested to set the PREG attribute to 1.
Related violations: <none>

DPOP-1#6 Warning
PREG Output pipelining  
DSP design_1_i/fast_accel_0/inst/mul_32ns_32s_62_2_1_U3/fast_accel_mul_32ns_32s_62_2_1_Multiplier_1_U/tmp_product__0 output design_1_i/fast_accel_0/inst/mul_32ns_32s_62_2_1_U3/fast_accel_mul_32ns_32s_62_2_1_Multiplier_1_U/tmp_product__0/P[47:0] is not pipelined (PREG=0). Pipelining the DSP48 output will improve performance and often saves power so it is suggested whenever possible to fully pipeline this function.  If this DSP48 function was inferred, it is suggested to describe an additional register stage after this function.  If the DSP48 was instantiated in the design, it is suggested to set the PREG attribute to 1.
Related violations: <none>

DPOP-1#7 Warning
PREG Output pipelining  
DSP design_1_i/fast_accel_0/inst/mul_32ns_32s_62_2_1_U4/fast_accel_mul_32ns_32s_62_2_1_Multiplier_1_U/tmp_product output design_1_i/fast_accel_0/inst/mul_32ns_32s_62_2_1_U4/fast_accel_mul_32ns_32s_62_2_1_Multiplier_1_U/tmp_product/P[47:0] is not pipelined (PREG=0). Pipelining the DSP48 output will improve performance and often saves power so it is suggested whenever possible to fully pipeline this function.  If this DSP48 function was inferred, it is suggested to describe an additional register stage after this function.  If the DSP48 was instantiated in the design, it is suggested to set the PREG attribute to 1.
Related violations: <none>

DPOP-1#8 Warning
PREG Output pipelining  
DSP design_1_i/fast_accel_0/inst/mul_32ns_32s_62_2_1_U4/fast_accel_mul_32ns_32s_62_2_1_Multiplier_1_U/tmp_product__0 output design_1_i/fast_accel_0/inst/mul_32ns_32s_62_2_1_U4/fast_accel_mul_32ns_32s_62_2_1_Multiplier_1_U/tmp_product__0/P[47:0] is not pipelined (PREG=0). Pipelining the DSP48 output will improve performance and often saves power so it is suggested whenever possible to fully pipeline this function.  If this DSP48 function was inferred, it is suggested to describe an additional register stage after this function.  If the DSP48 was instantiated in the design, it is suggested to set the PREG attribute to 1.
Related violations: <none>

DPOP-1#9 Warning
PREG Output pipelining  
DSP design_1_i/fast_accel_0/inst/mul_32ns_32s_62_2_1_U5/fast_accel_mul_32ns_32s_62_2_1_Multiplier_1_U/tmp_product output design_1_i/fast_accel_0/inst/mul_32ns_32s_62_2_1_U5/fast_accel_mul_32ns_32s_62_2_1_Multiplier_1_U/tmp_product/P[47:0] is not pipelined (PREG=0). Pipelining the DSP48 output will improve performance and often saves power so it is suggested whenever possible to fully pipeline this function.  If this DSP48 function was inferred, it is suggested to describe an additional register stage after this function.  If the DSP48 was instantiated in the design, it is suggested to set the PREG attribute to 1.
Related violations: <none>

DPOP-1#10 Warning
PREG Output pipelining  
DSP design_1_i/fast_accel_0/inst/mul_32ns_32s_62_2_1_U5/fast_accel_mul_32ns_32s_62_2_1_Multiplier_1_U/tmp_product__0 output design_1_i/fast_accel_0/inst/mul_32ns_32s_62_2_1_U5/fast_accel_mul_32ns_32s_62_2_1_Multiplier_1_U/tmp_product__0/P[47:0] is not pipelined (PREG=0). Pipelining the DSP48 output will improve performance and often saves power so it is suggested whenever possible to fully pipeline this function.  If this DSP48 function was inferred, it is suggested to describe an additional register stage after this function.  If the DSP48 was instantiated in the design, it is suggested to set the PREG attribute to 1.
Related violations: <none>

DPOP-1#11 Warning
PREG Output pipelining  
DSP design_1_i/fast_accel_0/inst/mul_32ns_32s_62_2_1_U6/fast_accel_mul_32ns_32s_62_2_1_Multiplier_1_U/tmp_product output design_1_i/fast_accel_0/inst/mul_32ns_32s_62_2_1_U6/fast_accel_mul_32ns_32s_62_2_1_Multiplier_1_U/tmp_product/P[47:0] is not pipelined (PREG=0). Pipelining the DSP48 output will improve performance and often saves power so it is suggested whenever possible to fully pipeline this function.  If this DSP48 function was inferred, it is suggested to describe an additional register stage after this function.  If the DSP48 was instantiated in the design, it is suggested to set the PREG attribute to 1.
Related violations: <none>

DPOP-1#12 Warning
PREG Output pipelining  
DSP design_1_i/fast_accel_0/inst/mul_32ns_32s_62_2_1_U6/fast_accel_mul_32ns_32s_62_2_1_Multiplier_1_U/tmp_product__0 output design_1_i/fast_accel_0/inst/mul_32ns_32s_62_2_1_U6/fast_accel_mul_32ns_32s_62_2_1_Multiplier_1_U/tmp_product__0/P[47:0] is not pipelined (PREG=0). Pipelining the DSP48 output will improve performance and often saves power so it is suggested whenever possible to fully pipeline this function.  If this DSP48 function was inferred, it is suggested to describe an additional register stage after this function.  If the DSP48 was instantiated in the design, it is suggested to set the PREG attribute to 1.
Related violations: <none>

DPOP-1#13 Warning
PREG Output pipelining  
DSP design_1_i/fast_accel_0/inst/mul_32ns_32s_62_2_1_U7/fast_accel_mul_32ns_32s_62_2_1_Multiplier_1_U/tmp_product output design_1_i/fast_accel_0/inst/mul_32ns_32s_62_2_1_U7/fast_accel_mul_32ns_32s_62_2_1_Multiplier_1_U/tmp_product/P[47:0] is not pipelined (PREG=0). Pipelining the DSP48 output will improve performance and often saves power so it is suggested whenever possible to fully pipeline this function.  If this DSP48 function was inferred, it is suggested to describe an additional register stage after this function.  If the DSP48 was instantiated in the design, it is suggested to set the PREG attribute to 1.
Related violations: <none>

DPOP-1#14 Warning
PREG Output pipelining  
DSP design_1_i/fast_accel_0/inst/mul_32ns_32s_62_2_1_U7/fast_accel_mul_32ns_32s_62_2_1_Multiplier_1_U/tmp_product__0 output design_1_i/fast_accel_0/inst/mul_32ns_32s_62_2_1_U7/fast_accel_mul_32ns_32s_62_2_1_Multiplier_1_U/tmp_product__0/P[47:0] is not pipelined (PREG=0). Pipelining the DSP48 output will improve performance and often saves power so it is suggested whenever possible to fully pipeline this function.  If this DSP48 function was inferred, it is suggested to describe an additional register stage after this function.  If the DSP48 was instantiated in the design, it is suggested to set the PREG attribute to 1.
Related violations: <none>

DPOP-1#15 Warning
PREG Output pipelining  
DSP design_1_i/fast_accel_0/inst/mul_32ns_32s_62_2_1_U8/fast_accel_mul_32ns_32s_62_2_1_Multiplier_1_U/tmp_product output design_1_i/fast_accel_0/inst/mul_32ns_32s_62_2_1_U8/fast_accel_mul_32ns_32s_62_2_1_Multiplier_1_U/tmp_product/P[47:0] is not pipelined (PREG=0). Pipelining the DSP48 output will improve performance and often saves power so it is suggested whenever possible to fully pipeline this function.  If this DSP48 function was inferred, it is suggested to describe an additional register stage after this function.  If the DSP48 was instantiated in the design, it is suggested to set the PREG attribute to 1.
Related violations: <none>

DPOP-1#16 Warning
PREG Output pipelining  
DSP design_1_i/fast_accel_0/inst/mul_32ns_32s_62_2_1_U8/fast_accel_mul_32ns_32s_62_2_1_Multiplier_1_U/tmp_product__0 output design_1_i/fast_accel_0/inst/mul_32ns_32s_62_2_1_U8/fast_accel_mul_32ns_32s_62_2_1_Multiplier_1_U/tmp_product__0/P[47:0] is not pipelined (PREG=0). Pipelining the DSP48 output will improve performance and often saves power so it is suggested whenever possible to fully pipeline this function.  If this DSP48 function was inferred, it is suggested to describe an additional register stage after this function.  If the DSP48 was instantiated in the design, it is suggested to set the PREG attribute to 1.
Related violations: <none>

DPOP-1#17 Warning
PREG Output pipelining  
DSP design_1_i/fast_accel_0/inst/mul_32ns_32s_62_2_1_U9/fast_accel_mul_32ns_32s_62_2_1_Multiplier_1_U/tmp_product output design_1_i/fast_accel_0/inst/mul_32ns_32s_62_2_1_U9/fast_accel_mul_32ns_32s_62_2_1_Multiplier_1_U/tmp_product/P[47:0] is not pipelined (PREG=0). Pipelining the DSP48 output will improve performance and often saves power so it is suggested whenever possible to fully pipeline this function.  If this DSP48 function was inferred, it is suggested to describe an additional register stage after this function.  If the DSP48 was instantiated in the design, it is suggested to set the PREG attribute to 1.
Related violations: <none>

DPOP-1#18 Warning
PREG Output pipelining  
DSP design_1_i/fast_accel_0/inst/mul_32ns_32s_62_2_1_U9/fast_accel_mul_32ns_32s_62_2_1_Multiplier_1_U/tmp_product__0 output design_1_i/fast_accel_0/inst/mul_32ns_32s_62_2_1_U9/fast_accel_mul_32ns_32s_62_2_1_Multiplier_1_U/tmp_product__0/P[47:0] is not pipelined (PREG=0). Pipelining the DSP48 output will improve performance and often saves power so it is suggested whenever possible to fully pipeline this function.  If this DSP48 function was inferred, it is suggested to describe an additional register stage after this function.  If the DSP48 was instantiated in the design, it is suggested to set the PREG attribute to 1.
Related violations: <none>

DPOP-1#19 Warning
PREG Output pipelining  
DSP design_1_i/fast_accel_0/inst/mul_33ns_32s_62_2_1_U10/fast_accel_mul_33ns_32s_62_2_1_Multiplier_2_U/tmp_product output design_1_i/fast_accel_0/inst/mul_33ns_32s_62_2_1_U10/fast_accel_mul_33ns_32s_62_2_1_Multiplier_2_U/tmp_product/P[47:0] is not pipelined (PREG=0). Pipelining the DSP48 output will improve performance and often saves power so it is suggested whenever possible to fully pipeline this function.  If this DSP48 function was inferred, it is suggested to describe an additional register stage after this function.  If the DSP48 was instantiated in the design, it is suggested to set the PREG attribute to 1.
Related violations: <none>

DPOP-1#20 Warning
PREG Output pipelining  
DSP design_1_i/fast_accel_0/inst/mul_33ns_32s_62_2_1_U10/fast_accel_mul_33ns_32s_62_2_1_Multiplier_2_U/tmp_product__0 output design_1_i/fast_accel_0/inst/mul_33ns_32s_62_2_1_U10/fast_accel_mul_33ns_32s_62_2_1_Multiplier_2_U/tmp_product__0/P[47:0] is not pipelined (PREG=0). Pipelining the DSP48 output will improve performance and often saves power so it is suggested whenever possible to fully pipeline this function.  If this DSP48 function was inferred, it is suggested to describe an additional register stage after this function.  If the DSP48 was instantiated in the design, it is suggested to set the PREG attribute to 1.
Related violations: <none>

DPOP-1#21 Warning
PREG Output pipelining  
DSP design_1_i/fast_accel_0/inst/mul_33ns_32s_62_2_1_U11/fast_accel_mul_33ns_32s_62_2_1_Multiplier_2_U/tmp_product output design_1_i/fast_accel_0/inst/mul_33ns_32s_62_2_1_U11/fast_accel_mul_33ns_32s_62_2_1_Multiplier_2_U/tmp_product/P[47:0] is not pipelined (PREG=0). Pipelining the DSP48 output will improve performance and often saves power so it is suggested whenever possible to fully pipeline this function.  If this DSP48 function was inferred, it is suggested to describe an additional register stage after this function.  If the DSP48 was instantiated in the design, it is suggested to set the PREG attribute to 1.
Related violations: <none>

DPOP-1#22 Warning
PREG Output pipelining  
DSP design_1_i/fast_accel_0/inst/mul_33ns_32s_62_2_1_U11/fast_accel_mul_33ns_32s_62_2_1_Multiplier_2_U/tmp_product__0 output design_1_i/fast_accel_0/inst/mul_33ns_32s_62_2_1_U11/fast_accel_mul_33ns_32s_62_2_1_Multiplier_2_U/tmp_product__0/P[47:0] is not pipelined (PREG=0). Pipelining the DSP48 output will improve performance and often saves power so it is suggested whenever possible to fully pipeline this function.  If this DSP48 function was inferred, it is suggested to describe an additional register stage after this function.  If the DSP48 was instantiated in the design, it is suggested to set the PREG attribute to 1.
Related violations: <none>

DPOP-2#1 Warning
MREG Output pipelining  
DSP design_1_i/fast_accel_0/inst/mul_32ns_32ns_64_2_1_U1/fast_accel_mul_32ns_32ns_64_2_1_Multiplier_0_U/p_reg multiplier stage design_1_i/fast_accel_0/inst/mul_32ns_32ns_64_2_1_U1/fast_accel_mul_32ns_32ns_64_2_1_Multiplier_0_U/p_reg/P[47:0] is not pipelined (MREG=0). Pipelining the multiplier function will improve performance and will save significant power so it is suggested whenever possible to fully pipeline this function.  If this multiplier was inferred, it is suggested to describe an additional register stage after this function.  If there is no registered adder/accumulator following the multiply function, two pipeline stages are suggested to allow both the MREG and PREG registers to be used.  If the DSP48 was instantiated in the design, it is suggested to set both the MREG and PREG attributes to 1 when performing multiply functions.
Related violations: <none>

DPOP-2#2 Warning
MREG Output pipelining  
DSP design_1_i/fast_accel_0/inst/mul_32ns_32ns_64_2_1_U1/fast_accel_mul_32ns_32ns_64_2_1_Multiplier_0_U/p_reg__0 multiplier stage design_1_i/fast_accel_0/inst/mul_32ns_32ns_64_2_1_U1/fast_accel_mul_32ns_32ns_64_2_1_Multiplier_0_U/p_reg__0/P[47:0] is not pipelined (MREG=0). Pipelining the multiplier function will improve performance and will save significant power so it is suggested whenever possible to fully pipeline this function.  If this multiplier was inferred, it is suggested to describe an additional register stage after this function.  If there is no registered adder/accumulator following the multiply function, two pipeline stages are suggested to allow both the MREG and PREG registers to be used.  If the DSP48 was instantiated in the design, it is suggested to set both the MREG and PREG attributes to 1 when performing multiply functions.
Related violations: <none>

DPOP-2#3 Warning
MREG Output pipelining  
DSP design_1_i/fast_accel_0/inst/mul_32ns_32ns_64_2_1_U1/fast_accel_mul_32ns_32ns_64_2_1_Multiplier_0_U/tmp_product multiplier stage design_1_i/fast_accel_0/inst/mul_32ns_32ns_64_2_1_U1/fast_accel_mul_32ns_32ns_64_2_1_Multiplier_0_U/tmp_product/P[47:0] is not pipelined (MREG=0). Pipelining the multiplier function will improve performance and will save significant power so it is suggested whenever possible to fully pipeline this function.  If this multiplier was inferred, it is suggested to describe an additional register stage after this function.  If there is no registered adder/accumulator following the multiply function, two pipeline stages are suggested to allow both the MREG and PREG registers to be used.  If the DSP48 was instantiated in the design, it is suggested to set both the MREG and PREG attributes to 1 when performing multiply functions.
Related violations: <none>

DPOP-2#4 Warning
MREG Output pipelining  
DSP design_1_i/fast_accel_0/inst/mul_32ns_32ns_64_2_1_U1/fast_accel_mul_32ns_32ns_64_2_1_Multiplier_0_U/tmp_product__0 multiplier stage design_1_i/fast_accel_0/inst/mul_32ns_32ns_64_2_1_U1/fast_accel_mul_32ns_32ns_64_2_1_Multiplier_0_U/tmp_product__0/P[47:0] is not pipelined (MREG=0). Pipelining the multiplier function will improve performance and will save significant power so it is suggested whenever possible to fully pipeline this function.  If this multiplier was inferred, it is suggested to describe an additional register stage after this function.  If there is no registered adder/accumulator following the multiply function, two pipeline stages are suggested to allow both the MREG and PREG registers to be used.  If the DSP48 was instantiated in the design, it is suggested to set both the MREG and PREG attributes to 1 when performing multiply functions.
Related violations: <none>

DPOP-2#5 Warning
MREG Output pipelining  
DSP design_1_i/fast_accel_0/inst/mul_32ns_32s_62_2_1_U2/fast_accel_mul_32ns_32s_62_2_1_Multiplier_1_U/p_reg multiplier stage design_1_i/fast_accel_0/inst/mul_32ns_32s_62_2_1_U2/fast_accel_mul_32ns_32s_62_2_1_Multiplier_1_U/p_reg/P[47:0] is not pipelined (MREG=0). Pipelining the multiplier function will improve performance and will save significant power so it is suggested whenever possible to fully pipeline this function.  If this multiplier was inferred, it is suggested to describe an additional register stage after this function.  If there is no registered adder/accumulator following the multiply function, two pipeline stages are suggested to allow both the MREG and PREG registers to be used.  If the DSP48 was instantiated in the design, it is suggested to set both the MREG and PREG attributes to 1 when performing multiply functions.
Related violations: <none>

DPOP-2#6 Warning
MREG Output pipelining  
DSP design_1_i/fast_accel_0/inst/mul_32ns_32s_62_2_1_U2/fast_accel_mul_32ns_32s_62_2_1_Multiplier_1_U/p_reg__0 multiplier stage design_1_i/fast_accel_0/inst/mul_32ns_32s_62_2_1_U2/fast_accel_mul_32ns_32s_62_2_1_Multiplier_1_U/p_reg__0/P[47:0] is not pipelined (MREG=0). Pipelining the multiplier function will improve performance and will save significant power so it is suggested whenever possible to fully pipeline this function.  If this multiplier was inferred, it is suggested to describe an additional register stage after this function.  If there is no registered adder/accumulator following the multiply function, two pipeline stages are suggested to allow both the MREG and PREG registers to be used.  If the DSP48 was instantiated in the design, it is suggested to set both the MREG and PREG attributes to 1 when performing multiply functions.
Related violations: <none>

DPOP-2#7 Warning
MREG Output pipelining  
DSP design_1_i/fast_accel_0/inst/mul_32ns_32s_62_2_1_U2/fast_accel_mul_32ns_32s_62_2_1_Multiplier_1_U/tmp_product multiplier stage design_1_i/fast_accel_0/inst/mul_32ns_32s_62_2_1_U2/fast_accel_mul_32ns_32s_62_2_1_Multiplier_1_U/tmp_product/P[47:0] is not pipelined (MREG=0). Pipelining the multiplier function will improve performance and will save significant power so it is suggested whenever possible to fully pipeline this function.  If this multiplier was inferred, it is suggested to describe an additional register stage after this function.  If there is no registered adder/accumulator following the multiply function, two pipeline stages are suggested to allow both the MREG and PREG registers to be used.  If the DSP48 was instantiated in the design, it is suggested to set both the MREG and PREG attributes to 1 when performing multiply functions.
Related violations: <none>

DPOP-2#8 Warning
MREG Output pipelining  
DSP design_1_i/fast_accel_0/inst/mul_32ns_32s_62_2_1_U2/fast_accel_mul_32ns_32s_62_2_1_Multiplier_1_U/tmp_product__0 multiplier stage design_1_i/fast_accel_0/inst/mul_32ns_32s_62_2_1_U2/fast_accel_mul_32ns_32s_62_2_1_Multiplier_1_U/tmp_product__0/P[47:0] is not pipelined (MREG=0). Pipelining the multiplier function will improve performance and will save significant power so it is suggested whenever possible to fully pipeline this function.  If this multiplier was inferred, it is suggested to describe an additional register stage after this function.  If there is no registered adder/accumulator following the multiply function, two pipeline stages are suggested to allow both the MREG and PREG registers to be used.  If the DSP48 was instantiated in the design, it is suggested to set both the MREG and PREG attributes to 1 when performing multiply functions.
Related violations: <none>

DPOP-2#9 Warning
MREG Output pipelining  
DSP design_1_i/fast_accel_0/inst/mul_32ns_32s_62_2_1_U3/fast_accel_mul_32ns_32s_62_2_1_Multiplier_1_U/p_reg multiplier stage design_1_i/fast_accel_0/inst/mul_32ns_32s_62_2_1_U3/fast_accel_mul_32ns_32s_62_2_1_Multiplier_1_U/p_reg/P[47:0] is not pipelined (MREG=0). Pipelining the multiplier function will improve performance and will save significant power so it is suggested whenever possible to fully pipeline this function.  If this multiplier was inferred, it is suggested to describe an additional register stage after this function.  If there is no registered adder/accumulator following the multiply function, two pipeline stages are suggested to allow both the MREG and PREG registers to be used.  If the DSP48 was instantiated in the design, it is suggested to set both the MREG and PREG attributes to 1 when performing multiply functions.
Related violations: <none>

DPOP-2#10 Warning
MREG Output pipelining  
DSP design_1_i/fast_accel_0/inst/mul_32ns_32s_62_2_1_U3/fast_accel_mul_32ns_32s_62_2_1_Multiplier_1_U/p_reg__0 multiplier stage design_1_i/fast_accel_0/inst/mul_32ns_32s_62_2_1_U3/fast_accel_mul_32ns_32s_62_2_1_Multiplier_1_U/p_reg__0/P[47:0] is not pipelined (MREG=0). Pipelining the multiplier function will improve performance and will save significant power so it is suggested whenever possible to fully pipeline this function.  If this multiplier was inferred, it is suggested to describe an additional register stage after this function.  If there is no registered adder/accumulator following the multiply function, two pipeline stages are suggested to allow both the MREG and PREG registers to be used.  If the DSP48 was instantiated in the design, it is suggested to set both the MREG and PREG attributes to 1 when performing multiply functions.
Related violations: <none>

DPOP-2#11 Warning
MREG Output pipelining  
DSP design_1_i/fast_accel_0/inst/mul_32ns_32s_62_2_1_U3/fast_accel_mul_32ns_32s_62_2_1_Multiplier_1_U/tmp_product multiplier stage design_1_i/fast_accel_0/inst/mul_32ns_32s_62_2_1_U3/fast_accel_mul_32ns_32s_62_2_1_Multiplier_1_U/tmp_product/P[47:0] is not pipelined (MREG=0). Pipelining the multiplier function will improve performance and will save significant power so it is suggested whenever possible to fully pipeline this function.  If this multiplier was inferred, it is suggested to describe an additional register stage after this function.  If there is no registered adder/accumulator following the multiply function, two pipeline stages are suggested to allow both the MREG and PREG registers to be used.  If the DSP48 was instantiated in the design, it is suggested to set both the MREG and PREG attributes to 1 when performing multiply functions.
Related violations: <none>

DPOP-2#12 Warning
MREG Output pipelining  
DSP design_1_i/fast_accel_0/inst/mul_32ns_32s_62_2_1_U3/fast_accel_mul_32ns_32s_62_2_1_Multiplier_1_U/tmp_product__0 multiplier stage design_1_i/fast_accel_0/inst/mul_32ns_32s_62_2_1_U3/fast_accel_mul_32ns_32s_62_2_1_Multiplier_1_U/tmp_product__0/P[47:0] is not pipelined (MREG=0). Pipelining the multiplier function will improve performance and will save significant power so it is suggested whenever possible to fully pipeline this function.  If this multiplier was inferred, it is suggested to describe an additional register stage after this function.  If there is no registered adder/accumulator following the multiply function, two pipeline stages are suggested to allow both the MREG and PREG registers to be used.  If the DSP48 was instantiated in the design, it is suggested to set both the MREG and PREG attributes to 1 when performing multiply functions.
Related violations: <none>

DPOP-2#13 Warning
MREG Output pipelining  
DSP design_1_i/fast_accel_0/inst/mul_32ns_32s_62_2_1_U4/fast_accel_mul_32ns_32s_62_2_1_Multiplier_1_U/p_reg multiplier stage design_1_i/fast_accel_0/inst/mul_32ns_32s_62_2_1_U4/fast_accel_mul_32ns_32s_62_2_1_Multiplier_1_U/p_reg/P[47:0] is not pipelined (MREG=0). Pipelining the multiplier function will improve performance and will save significant power so it is suggested whenever possible to fully pipeline this function.  If this multiplier was inferred, it is suggested to describe an additional register stage after this function.  If there is no registered adder/accumulator following the multiply function, two pipeline stages are suggested to allow both the MREG and PREG registers to be used.  If the DSP48 was instantiated in the design, it is suggested to set both the MREG and PREG attributes to 1 when performing multiply functions.
Related violations: <none>

DPOP-2#14 Warning
MREG Output pipelining  
DSP design_1_i/fast_accel_0/inst/mul_32ns_32s_62_2_1_U4/fast_accel_mul_32ns_32s_62_2_1_Multiplier_1_U/p_reg__0 multiplier stage design_1_i/fast_accel_0/inst/mul_32ns_32s_62_2_1_U4/fast_accel_mul_32ns_32s_62_2_1_Multiplier_1_U/p_reg__0/P[47:0] is not pipelined (MREG=0). Pipelining the multiplier function will improve performance and will save significant power so it is suggested whenever possible to fully pipeline this function.  If this multiplier was inferred, it is suggested to describe an additional register stage after this function.  If there is no registered adder/accumulator following the multiply function, two pipeline stages are suggested to allow both the MREG and PREG registers to be used.  If the DSP48 was instantiated in the design, it is suggested to set both the MREG and PREG attributes to 1 when performing multiply functions.
Related violations: <none>

DPOP-2#15 Warning
MREG Output pipelining  
DSP design_1_i/fast_accel_0/inst/mul_32ns_32s_62_2_1_U4/fast_accel_mul_32ns_32s_62_2_1_Multiplier_1_U/tmp_product multiplier stage design_1_i/fast_accel_0/inst/mul_32ns_32s_62_2_1_U4/fast_accel_mul_32ns_32s_62_2_1_Multiplier_1_U/tmp_product/P[47:0] is not pipelined (MREG=0). Pipelining the multiplier function will improve performance and will save significant power so it is suggested whenever possible to fully pipeline this function.  If this multiplier was inferred, it is suggested to describe an additional register stage after this function.  If there is no registered adder/accumulator following the multiply function, two pipeline stages are suggested to allow both the MREG and PREG registers to be used.  If the DSP48 was instantiated in the design, it is suggested to set both the MREG and PREG attributes to 1 when performing multiply functions.
Related violations: <none>

DPOP-2#16 Warning
MREG Output pipelining  
DSP design_1_i/fast_accel_0/inst/mul_32ns_32s_62_2_1_U4/fast_accel_mul_32ns_32s_62_2_1_Multiplier_1_U/tmp_product__0 multiplier stage design_1_i/fast_accel_0/inst/mul_32ns_32s_62_2_1_U4/fast_accel_mul_32ns_32s_62_2_1_Multiplier_1_U/tmp_product__0/P[47:0] is not pipelined (MREG=0). Pipelining the multiplier function will improve performance and will save significant power so it is suggested whenever possible to fully pipeline this function.  If this multiplier was inferred, it is suggested to describe an additional register stage after this function.  If there is no registered adder/accumulator following the multiply function, two pipeline stages are suggested to allow both the MREG and PREG registers to be used.  If the DSP48 was instantiated in the design, it is suggested to set both the MREG and PREG attributes to 1 when performing multiply functions.
Related violations: <none>

DPOP-2#17 Warning
MREG Output pipelining  
DSP design_1_i/fast_accel_0/inst/mul_32ns_32s_62_2_1_U5/fast_accel_mul_32ns_32s_62_2_1_Multiplier_1_U/p_reg multiplier stage design_1_i/fast_accel_0/inst/mul_32ns_32s_62_2_1_U5/fast_accel_mul_32ns_32s_62_2_1_Multiplier_1_U/p_reg/P[47:0] is not pipelined (MREG=0). Pipelining the multiplier function will improve performance and will save significant power so it is suggested whenever possible to fully pipeline this function.  If this multiplier was inferred, it is suggested to describe an additional register stage after this function.  If there is no registered adder/accumulator following the multiply function, two pipeline stages are suggested to allow both the MREG and PREG registers to be used.  If the DSP48 was instantiated in the design, it is suggested to set both the MREG and PREG attributes to 1 when performing multiply functions.
Related violations: <none>

DPOP-2#18 Warning
MREG Output pipelining  
DSP design_1_i/fast_accel_0/inst/mul_32ns_32s_62_2_1_U5/fast_accel_mul_32ns_32s_62_2_1_Multiplier_1_U/p_reg__0 multiplier stage design_1_i/fast_accel_0/inst/mul_32ns_32s_62_2_1_U5/fast_accel_mul_32ns_32s_62_2_1_Multiplier_1_U/p_reg__0/P[47:0] is not pipelined (MREG=0). Pipelining the multiplier function will improve performance and will save significant power so it is suggested whenever possible to fully pipeline this function.  If this multiplier was inferred, it is suggested to describe an additional register stage after this function.  If there is no registered adder/accumulator following the multiply function, two pipeline stages are suggested to allow both the MREG and PREG registers to be used.  If the DSP48 was instantiated in the design, it is suggested to set both the MREG and PREG attributes to 1 when performing multiply functions.
Related violations: <none>

DPOP-2#19 Warning
MREG Output pipelining  
DSP design_1_i/fast_accel_0/inst/mul_32ns_32s_62_2_1_U5/fast_accel_mul_32ns_32s_62_2_1_Multiplier_1_U/tmp_product multiplier stage design_1_i/fast_accel_0/inst/mul_32ns_32s_62_2_1_U5/fast_accel_mul_32ns_32s_62_2_1_Multiplier_1_U/tmp_product/P[47:0] is not pipelined (MREG=0). Pipelining the multiplier function will improve performance and will save significant power so it is suggested whenever possible to fully pipeline this function.  If this multiplier was inferred, it is suggested to describe an additional register stage after this function.  If there is no registered adder/accumulator following the multiply function, two pipeline stages are suggested to allow both the MREG and PREG registers to be used.  If the DSP48 was instantiated in the design, it is suggested to set both the MREG and PREG attributes to 1 when performing multiply functions.
Related violations: <none>

DPOP-2#20 Warning
MREG Output pipelining  
DSP design_1_i/fast_accel_0/inst/mul_32ns_32s_62_2_1_U5/fast_accel_mul_32ns_32s_62_2_1_Multiplier_1_U/tmp_product__0 multiplier stage design_1_i/fast_accel_0/inst/mul_32ns_32s_62_2_1_U5/fast_accel_mul_32ns_32s_62_2_1_Multiplier_1_U/tmp_product__0/P[47:0] is not pipelined (MREG=0). Pipelining the multiplier function will improve performance and will save significant power so it is suggested whenever possible to fully pipeline this function.  If this multiplier was inferred, it is suggested to describe an additional register stage after this function.  If there is no registered adder/accumulator following the multiply function, two pipeline stages are suggested to allow both the MREG and PREG registers to be used.  If the DSP48 was instantiated in the design, it is suggested to set both the MREG and PREG attributes to 1 when performing multiply functions.
Related violations: <none>

DPOP-2#21 Warning
MREG Output pipelining  
DSP design_1_i/fast_accel_0/inst/mul_32ns_32s_62_2_1_U6/fast_accel_mul_32ns_32s_62_2_1_Multiplier_1_U/p_reg multiplier stage design_1_i/fast_accel_0/inst/mul_32ns_32s_62_2_1_U6/fast_accel_mul_32ns_32s_62_2_1_Multiplier_1_U/p_reg/P[47:0] is not pipelined (MREG=0). Pipelining the multiplier function will improve performance and will save significant power so it is suggested whenever possible to fully pipeline this function.  If this multiplier was inferred, it is suggested to describe an additional register stage after this function.  If there is no registered adder/accumulator following the multiply function, two pipeline stages are suggested to allow both the MREG and PREG registers to be used.  If the DSP48 was instantiated in the design, it is suggested to set both the MREG and PREG attributes to 1 when performing multiply functions.
Related violations: <none>

DPOP-2#22 Warning
MREG Output pipelining  
DSP design_1_i/fast_accel_0/inst/mul_32ns_32s_62_2_1_U6/fast_accel_mul_32ns_32s_62_2_1_Multiplier_1_U/p_reg__0 multiplier stage design_1_i/fast_accel_0/inst/mul_32ns_32s_62_2_1_U6/fast_accel_mul_32ns_32s_62_2_1_Multiplier_1_U/p_reg__0/P[47:0] is not pipelined (MREG=0). Pipelining the multiplier function will improve performance and will save significant power so it is suggested whenever possible to fully pipeline this function.  If this multiplier was inferred, it is suggested to describe an additional register stage after this function.  If there is no registered adder/accumulator following the multiply function, two pipeline stages are suggested to allow both the MREG and PREG registers to be used.  If the DSP48 was instantiated in the design, it is suggested to set both the MREG and PREG attributes to 1 when performing multiply functions.
Related violations: <none>

DPOP-2#23 Warning
MREG Output pipelining  
DSP design_1_i/fast_accel_0/inst/mul_32ns_32s_62_2_1_U6/fast_accel_mul_32ns_32s_62_2_1_Multiplier_1_U/tmp_product multiplier stage design_1_i/fast_accel_0/inst/mul_32ns_32s_62_2_1_U6/fast_accel_mul_32ns_32s_62_2_1_Multiplier_1_U/tmp_product/P[47:0] is not pipelined (MREG=0). Pipelining the multiplier function will improve performance and will save significant power so it is suggested whenever possible to fully pipeline this function.  If this multiplier was inferred, it is suggested to describe an additional register stage after this function.  If there is no registered adder/accumulator following the multiply function, two pipeline stages are suggested to allow both the MREG and PREG registers to be used.  If the DSP48 was instantiated in the design, it is suggested to set both the MREG and PREG attributes to 1 when performing multiply functions.
Related violations: <none>

DPOP-2#24 Warning
MREG Output pipelining  
DSP design_1_i/fast_accel_0/inst/mul_32ns_32s_62_2_1_U6/fast_accel_mul_32ns_32s_62_2_1_Multiplier_1_U/tmp_product__0 multiplier stage design_1_i/fast_accel_0/inst/mul_32ns_32s_62_2_1_U6/fast_accel_mul_32ns_32s_62_2_1_Multiplier_1_U/tmp_product__0/P[47:0] is not pipelined (MREG=0). Pipelining the multiplier function will improve performance and will save significant power so it is suggested whenever possible to fully pipeline this function.  If this multiplier was inferred, it is suggested to describe an additional register stage after this function.  If there is no registered adder/accumulator following the multiply function, two pipeline stages are suggested to allow both the MREG and PREG registers to be used.  If the DSP48 was instantiated in the design, it is suggested to set both the MREG and PREG attributes to 1 when performing multiply functions.
Related violations: <none>

DPOP-2#25 Warning
MREG Output pipelining  
DSP design_1_i/fast_accel_0/inst/mul_32ns_32s_62_2_1_U7/fast_accel_mul_32ns_32s_62_2_1_Multiplier_1_U/p_reg multiplier stage design_1_i/fast_accel_0/inst/mul_32ns_32s_62_2_1_U7/fast_accel_mul_32ns_32s_62_2_1_Multiplier_1_U/p_reg/P[47:0] is not pipelined (MREG=0). Pipelining the multiplier function will improve performance and will save significant power so it is suggested whenever possible to fully pipeline this function.  If this multiplier was inferred, it is suggested to describe an additional register stage after this function.  If there is no registered adder/accumulator following the multiply function, two pipeline stages are suggested to allow both the MREG and PREG registers to be used.  If the DSP48 was instantiated in the design, it is suggested to set both the MREG and PREG attributes to 1 when performing multiply functions.
Related violations: <none>

DPOP-2#26 Warning
MREG Output pipelining  
DSP design_1_i/fast_accel_0/inst/mul_32ns_32s_62_2_1_U7/fast_accel_mul_32ns_32s_62_2_1_Multiplier_1_U/p_reg__0 multiplier stage design_1_i/fast_accel_0/inst/mul_32ns_32s_62_2_1_U7/fast_accel_mul_32ns_32s_62_2_1_Multiplier_1_U/p_reg__0/P[47:0] is not pipelined (MREG=0). Pipelining the multiplier function will improve performance and will save significant power so it is suggested whenever possible to fully pipeline this function.  If this multiplier was inferred, it is suggested to describe an additional register stage after this function.  If there is no registered adder/accumulator following the multiply function, two pipeline stages are suggested to allow both the MREG and PREG registers to be used.  If the DSP48 was instantiated in the design, it is suggested to set both the MREG and PREG attributes to 1 when performing multiply functions.
Related violations: <none>

DPOP-2#27 Warning
MREG Output pipelining  
DSP design_1_i/fast_accel_0/inst/mul_32ns_32s_62_2_1_U7/fast_accel_mul_32ns_32s_62_2_1_Multiplier_1_U/tmp_product multiplier stage design_1_i/fast_accel_0/inst/mul_32ns_32s_62_2_1_U7/fast_accel_mul_32ns_32s_62_2_1_Multiplier_1_U/tmp_product/P[47:0] is not pipelined (MREG=0). Pipelining the multiplier function will improve performance and will save significant power so it is suggested whenever possible to fully pipeline this function.  If this multiplier was inferred, it is suggested to describe an additional register stage after this function.  If there is no registered adder/accumulator following the multiply function, two pipeline stages are suggested to allow both the MREG and PREG registers to be used.  If the DSP48 was instantiated in the design, it is suggested to set both the MREG and PREG attributes to 1 when performing multiply functions.
Related violations: <none>

DPOP-2#28 Warning
MREG Output pipelining  
DSP design_1_i/fast_accel_0/inst/mul_32ns_32s_62_2_1_U7/fast_accel_mul_32ns_32s_62_2_1_Multiplier_1_U/tmp_product__0 multiplier stage design_1_i/fast_accel_0/inst/mul_32ns_32s_62_2_1_U7/fast_accel_mul_32ns_32s_62_2_1_Multiplier_1_U/tmp_product__0/P[47:0] is not pipelined (MREG=0). Pipelining the multiplier function will improve performance and will save significant power so it is suggested whenever possible to fully pipeline this function.  If this multiplier was inferred, it is suggested to describe an additional register stage after this function.  If there is no registered adder/accumulator following the multiply function, two pipeline stages are suggested to allow both the MREG and PREG registers to be used.  If the DSP48 was instantiated in the design, it is suggested to set both the MREG and PREG attributes to 1 when performing multiply functions.
Related violations: <none>

DPOP-2#29 Warning
MREG Output pipelining  
DSP design_1_i/fast_accel_0/inst/mul_32ns_32s_62_2_1_U8/fast_accel_mul_32ns_32s_62_2_1_Multiplier_1_U/p_reg multiplier stage design_1_i/fast_accel_0/inst/mul_32ns_32s_62_2_1_U8/fast_accel_mul_32ns_32s_62_2_1_Multiplier_1_U/p_reg/P[47:0] is not pipelined (MREG=0). Pipelining the multiplier function will improve performance and will save significant power so it is suggested whenever possible to fully pipeline this function.  If this multiplier was inferred, it is suggested to describe an additional register stage after this function.  If there is no registered adder/accumulator following the multiply function, two pipeline stages are suggested to allow both the MREG and PREG registers to be used.  If the DSP48 was instantiated in the design, it is suggested to set both the MREG and PREG attributes to 1 when performing multiply functions.
Related violations: <none>

DPOP-2#30 Warning
MREG Output pipelining  
DSP design_1_i/fast_accel_0/inst/mul_32ns_32s_62_2_1_U8/fast_accel_mul_32ns_32s_62_2_1_Multiplier_1_U/p_reg__0 multiplier stage design_1_i/fast_accel_0/inst/mul_32ns_32s_62_2_1_U8/fast_accel_mul_32ns_32s_62_2_1_Multiplier_1_U/p_reg__0/P[47:0] is not pipelined (MREG=0). Pipelining the multiplier function will improve performance and will save significant power so it is suggested whenever possible to fully pipeline this function.  If this multiplier was inferred, it is suggested to describe an additional register stage after this function.  If there is no registered adder/accumulator following the multiply function, two pipeline stages are suggested to allow both the MREG and PREG registers to be used.  If the DSP48 was instantiated in the design, it is suggested to set both the MREG and PREG attributes to 1 when performing multiply functions.
Related violations: <none>

DPOP-2#31 Warning
MREG Output pipelining  
DSP design_1_i/fast_accel_0/inst/mul_32ns_32s_62_2_1_U8/fast_accel_mul_32ns_32s_62_2_1_Multiplier_1_U/tmp_product multiplier stage design_1_i/fast_accel_0/inst/mul_32ns_32s_62_2_1_U8/fast_accel_mul_32ns_32s_62_2_1_Multiplier_1_U/tmp_product/P[47:0] is not pipelined (MREG=0). Pipelining the multiplier function will improve performance and will save significant power so it is suggested whenever possible to fully pipeline this function.  If this multiplier was inferred, it is suggested to describe an additional register stage after this function.  If there is no registered adder/accumulator following the multiply function, two pipeline stages are suggested to allow both the MREG and PREG registers to be used.  If the DSP48 was instantiated in the design, it is suggested to set both the MREG and PREG attributes to 1 when performing multiply functions.
Related violations: <none>

DPOP-2#32 Warning
MREG Output pipelining  
DSP design_1_i/fast_accel_0/inst/mul_32ns_32s_62_2_1_U8/fast_accel_mul_32ns_32s_62_2_1_Multiplier_1_U/tmp_product__0 multiplier stage design_1_i/fast_accel_0/inst/mul_32ns_32s_62_2_1_U8/fast_accel_mul_32ns_32s_62_2_1_Multiplier_1_U/tmp_product__0/P[47:0] is not pipelined (MREG=0). Pipelining the multiplier function will improve performance and will save significant power so it is suggested whenever possible to fully pipeline this function.  If this multiplier was inferred, it is suggested to describe an additional register stage after this function.  If there is no registered adder/accumulator following the multiply function, two pipeline stages are suggested to allow both the MREG and PREG registers to be used.  If the DSP48 was instantiated in the design, it is suggested to set both the MREG and PREG attributes to 1 when performing multiply functions.
Related violations: <none>

DPOP-2#33 Warning
MREG Output pipelining  
DSP design_1_i/fast_accel_0/inst/mul_32ns_32s_62_2_1_U9/fast_accel_mul_32ns_32s_62_2_1_Multiplier_1_U/p_reg multiplier stage design_1_i/fast_accel_0/inst/mul_32ns_32s_62_2_1_U9/fast_accel_mul_32ns_32s_62_2_1_Multiplier_1_U/p_reg/P[47:0] is not pipelined (MREG=0). Pipelining the multiplier function will improve performance and will save significant power so it is suggested whenever possible to fully pipeline this function.  If this multiplier was inferred, it is suggested to describe an additional register stage after this function.  If there is no registered adder/accumulator following the multiply function, two pipeline stages are suggested to allow both the MREG and PREG registers to be used.  If the DSP48 was instantiated in the design, it is suggested to set both the MREG and PREG attributes to 1 when performing multiply functions.
Related violations: <none>

DPOP-2#34 Warning
MREG Output pipelining  
DSP design_1_i/fast_accel_0/inst/mul_32ns_32s_62_2_1_U9/fast_accel_mul_32ns_32s_62_2_1_Multiplier_1_U/p_reg__0 multiplier stage design_1_i/fast_accel_0/inst/mul_32ns_32s_62_2_1_U9/fast_accel_mul_32ns_32s_62_2_1_Multiplier_1_U/p_reg__0/P[47:0] is not pipelined (MREG=0). Pipelining the multiplier function will improve performance and will save significant power so it is suggested whenever possible to fully pipeline this function.  If this multiplier was inferred, it is suggested to describe an additional register stage after this function.  If there is no registered adder/accumulator following the multiply function, two pipeline stages are suggested to allow both the MREG and PREG registers to be used.  If the DSP48 was instantiated in the design, it is suggested to set both the MREG and PREG attributes to 1 when performing multiply functions.
Related violations: <none>

DPOP-2#35 Warning
MREG Output pipelining  
DSP design_1_i/fast_accel_0/inst/mul_32ns_32s_62_2_1_U9/fast_accel_mul_32ns_32s_62_2_1_Multiplier_1_U/tmp_product multiplier stage design_1_i/fast_accel_0/inst/mul_32ns_32s_62_2_1_U9/fast_accel_mul_32ns_32s_62_2_1_Multiplier_1_U/tmp_product/P[47:0] is not pipelined (MREG=0). Pipelining the multiplier function will improve performance and will save significant power so it is suggested whenever possible to fully pipeline this function.  If this multiplier was inferred, it is suggested to describe an additional register stage after this function.  If there is no registered adder/accumulator following the multiply function, two pipeline stages are suggested to allow both the MREG and PREG registers to be used.  If the DSP48 was instantiated in the design, it is suggested to set both the MREG and PREG attributes to 1 when performing multiply functions.
Related violations: <none>

DPOP-2#36 Warning
MREG Output pipelining  
DSP design_1_i/fast_accel_0/inst/mul_32ns_32s_62_2_1_U9/fast_accel_mul_32ns_32s_62_2_1_Multiplier_1_U/tmp_product__0 multiplier stage design_1_i/fast_accel_0/inst/mul_32ns_32s_62_2_1_U9/fast_accel_mul_32ns_32s_62_2_1_Multiplier_1_U/tmp_product__0/P[47:0] is not pipelined (MREG=0). Pipelining the multiplier function will improve performance and will save significant power so it is suggested whenever possible to fully pipeline this function.  If this multiplier was inferred, it is suggested to describe an additional register stage after this function.  If there is no registered adder/accumulator following the multiply function, two pipeline stages are suggested to allow both the MREG and PREG registers to be used.  If the DSP48 was instantiated in the design, it is suggested to set both the MREG and PREG attributes to 1 when performing multiply functions.
Related violations: <none>

DPOP-2#37 Warning
MREG Output pipelining  
DSP design_1_i/fast_accel_0/inst/mul_33ns_32s_62_2_1_U10/fast_accel_mul_33ns_32s_62_2_1_Multiplier_2_U/p_reg multiplier stage design_1_i/fast_accel_0/inst/mul_33ns_32s_62_2_1_U10/fast_accel_mul_33ns_32s_62_2_1_Multiplier_2_U/p_reg/P[47:0] is not pipelined (MREG=0). Pipelining the multiplier function will improve performance and will save significant power so it is suggested whenever possible to fully pipeline this function.  If this multiplier was inferred, it is suggested to describe an additional register stage after this function.  If there is no registered adder/accumulator following the multiply function, two pipeline stages are suggested to allow both the MREG and PREG registers to be used.  If the DSP48 was instantiated in the design, it is suggested to set both the MREG and PREG attributes to 1 when performing multiply functions.
Related violations: <none>

DPOP-2#38 Warning
MREG Output pipelining  
DSP design_1_i/fast_accel_0/inst/mul_33ns_32s_62_2_1_U10/fast_accel_mul_33ns_32s_62_2_1_Multiplier_2_U/p_reg__0 multiplier stage design_1_i/fast_accel_0/inst/mul_33ns_32s_62_2_1_U10/fast_accel_mul_33ns_32s_62_2_1_Multiplier_2_U/p_reg__0/P[47:0] is not pipelined (MREG=0). Pipelining the multiplier function will improve performance and will save significant power so it is suggested whenever possible to fully pipeline this function.  If this multiplier was inferred, it is suggested to describe an additional register stage after this function.  If there is no registered adder/accumulator following the multiply function, two pipeline stages are suggested to allow both the MREG and PREG registers to be used.  If the DSP48 was instantiated in the design, it is suggested to set both the MREG and PREG attributes to 1 when performing multiply functions.
Related violations: <none>

DPOP-2#39 Warning
MREG Output pipelining  
DSP design_1_i/fast_accel_0/inst/mul_33ns_32s_62_2_1_U10/fast_accel_mul_33ns_32s_62_2_1_Multiplier_2_U/tmp_product multiplier stage design_1_i/fast_accel_0/inst/mul_33ns_32s_62_2_1_U10/fast_accel_mul_33ns_32s_62_2_1_Multiplier_2_U/tmp_product/P[47:0] is not pipelined (MREG=0). Pipelining the multiplier function will improve performance and will save significant power so it is suggested whenever possible to fully pipeline this function.  If this multiplier was inferred, it is suggested to describe an additional register stage after this function.  If there is no registered adder/accumulator following the multiply function, two pipeline stages are suggested to allow both the MREG and PREG registers to be used.  If the DSP48 was instantiated in the design, it is suggested to set both the MREG and PREG attributes to 1 when performing multiply functions.
Related violations: <none>

DPOP-2#40 Warning
MREG Output pipelining  
DSP design_1_i/fast_accel_0/inst/mul_33ns_32s_62_2_1_U10/fast_accel_mul_33ns_32s_62_2_1_Multiplier_2_U/tmp_product__0 multiplier stage design_1_i/fast_accel_0/inst/mul_33ns_32s_62_2_1_U10/fast_accel_mul_33ns_32s_62_2_1_Multiplier_2_U/tmp_product__0/P[47:0] is not pipelined (MREG=0). Pipelining the multiplier function will improve performance and will save significant power so it is suggested whenever possible to fully pipeline this function.  If this multiplier was inferred, it is suggested to describe an additional register stage after this function.  If there is no registered adder/accumulator following the multiply function, two pipeline stages are suggested to allow both the MREG and PREG registers to be used.  If the DSP48 was instantiated in the design, it is suggested to set both the MREG and PREG attributes to 1 when performing multiply functions.
Related violations: <none>

DPOP-2#41 Warning
MREG Output pipelining  
DSP design_1_i/fast_accel_0/inst/mul_33ns_32s_62_2_1_U11/fast_accel_mul_33ns_32s_62_2_1_Multiplier_2_U/p_reg multiplier stage design_1_i/fast_accel_0/inst/mul_33ns_32s_62_2_1_U11/fast_accel_mul_33ns_32s_62_2_1_Multiplier_2_U/p_reg/P[47:0] is not pipelined (MREG=0). Pipelining the multiplier function will improve performance and will save significant power so it is suggested whenever possible to fully pipeline this function.  If this multiplier was inferred, it is suggested to describe an additional register stage after this function.  If there is no registered adder/accumulator following the multiply function, two pipeline stages are suggested to allow both the MREG and PREG registers to be used.  If the DSP48 was instantiated in the design, it is suggested to set both the MREG and PREG attributes to 1 when performing multiply functions.
Related violations: <none>

DPOP-2#42 Warning
MREG Output pipelining  
DSP design_1_i/fast_accel_0/inst/mul_33ns_32s_62_2_1_U11/fast_accel_mul_33ns_32s_62_2_1_Multiplier_2_U/p_reg__0 multiplier stage design_1_i/fast_accel_0/inst/mul_33ns_32s_62_2_1_U11/fast_accel_mul_33ns_32s_62_2_1_Multiplier_2_U/p_reg__0/P[47:0] is not pipelined (MREG=0). Pipelining the multiplier function will improve performance and will save significant power so it is suggested whenever possible to fully pipeline this function.  If this multiplier was inferred, it is suggested to describe an additional register stage after this function.  If there is no registered adder/accumulator following the multiply function, two pipeline stages are suggested to allow both the MREG and PREG registers to be used.  If the DSP48 was instantiated in the design, it is suggested to set both the MREG and PREG attributes to 1 when performing multiply functions.
Related violations: <none>

DPOP-2#43 Warning
MREG Output pipelining  
DSP design_1_i/fast_accel_0/inst/mul_33ns_32s_62_2_1_U11/fast_accel_mul_33ns_32s_62_2_1_Multiplier_2_U/tmp_product multiplier stage design_1_i/fast_accel_0/inst/mul_33ns_32s_62_2_1_U11/fast_accel_mul_33ns_32s_62_2_1_Multiplier_2_U/tmp_product/P[47:0] is not pipelined (MREG=0). Pipelining the multiplier function will improve performance and will save significant power so it is suggested whenever possible to fully pipeline this function.  If this multiplier was inferred, it is suggested to describe an additional register stage after this function.  If there is no registered adder/accumulator following the multiply function, two pipeline stages are suggested to allow both the MREG and PREG registers to be used.  If the DSP48 was instantiated in the design, it is suggested to set both the MREG and PREG attributes to 1 when performing multiply functions.
Related violations: <none>

DPOP-2#44 Warning
MREG Output pipelining  
DSP design_1_i/fast_accel_0/inst/mul_33ns_32s_62_2_1_U11/fast_accel_mul_33ns_32s_62_2_1_Multiplier_2_U/tmp_product__0 multiplier stage design_1_i/fast_accel_0/inst/mul_33ns_32s_62_2_1_U11/fast_accel_mul_33ns_32s_62_2_1_Multiplier_2_U/tmp_product__0/P[47:0] is not pipelined (MREG=0). Pipelining the multiplier function will improve performance and will save significant power so it is suggested whenever possible to fully pipeline this function.  If this multiplier was inferred, it is suggested to describe an additional register stage after this function.  If there is no registered adder/accumulator following the multiply function, two pipeline stages are suggested to allow both the MREG and PREG registers to be used.  If the DSP48 was instantiated in the design, it is suggested to set both the MREG and PREG attributes to 1 when performing multiply functions.
Related violations: <none>

REQP-1840#1 Warning
RAMB18 async control check  
The RAMB18E1 design_1_i/fast_accel_0/inst/gmem_m_axi_U/bus_read/buff_rdata/mem_reg has an input control pin design_1_i/fast_accel_0/inst/gmem_m_axi_U/bus_read/buff_rdata/mem_reg/WEBWE[0] (net: design_1_i/fast_accel_0/inst/gmem_m_axi_U/bus_read/buff_rdata/m_axi_gmem_RVALID) which is driven by a register (design_1_i/axi_mem_intercon/s00_couplers/auto_pc/inst/gen_axi4_axi3.axi3_conv_inst/USE_READ.USE_SPLIT_R.read_addr_inst/USE_R_CHANNEL.cmd_queue/inst/fifo_gen_inst/inst_fifo_gen/gconvfifo.rf/grf.rf/gntv_or_sync_fifo.gl0.rd/gr1.gr1_int.rfwft/empty_fwft_i_reg) that has an active asychronous set or reset. This may cause corruption of the memory contents and/or read values when the set/reset is asserted and is not analyzed by the default static timing analysis. It is suggested to eliminate the use of a set/reset to registers driving this RAMB pin or else use a synchronous reset in which the assertion of the reset is timed by default.
Related violations: <none>

REQP-1840#2 Warning
RAMB18 async control check  
The RAMB18E1 design_1_i/fast_accel_0/inst/gmem_m_axi_U/bus_read/buff_rdata/mem_reg has an input control pin design_1_i/fast_accel_0/inst/gmem_m_axi_U/bus_read/buff_rdata/mem_reg/WEBWE[1] (net: design_1_i/fast_accel_0/inst/gmem_m_axi_U/bus_read/buff_rdata/m_axi_gmem_RVALID) which is driven by a register (design_1_i/axi_mem_intercon/s00_couplers/auto_pc/inst/gen_axi4_axi3.axi3_conv_inst/USE_READ.USE_SPLIT_R.read_addr_inst/USE_R_CHANNEL.cmd_queue/inst/fifo_gen_inst/inst_fifo_gen/gconvfifo.rf/grf.rf/gntv_or_sync_fifo.gl0.rd/gr1.gr1_int.rfwft/empty_fwft_i_reg) that has an active asychronous set or reset. This may cause corruption of the memory contents and/or read values when the set/reset is asserted and is not analyzed by the default static timing analysis. It is suggested to eliminate the use of a set/reset to registers driving this RAMB pin or else use a synchronous reset in which the assertion of the reset is timed by default.
Related violations: <none>

REQP-1840#3 Warning
RAMB18 async control check  
The RAMB18E1 design_1_i/fast_accel_0/inst/gmem_m_axi_U/bus_read/buff_rdata/mem_reg has an input control pin design_1_i/fast_accel_0/inst/gmem_m_axi_U/bus_read/buff_rdata/mem_reg/WEBWE[2] (net: design_1_i/fast_accel_0/inst/gmem_m_axi_U/bus_read/buff_rdata/m_axi_gmem_RVALID) which is driven by a register (design_1_i/axi_mem_intercon/s00_couplers/auto_pc/inst/gen_axi4_axi3.axi3_conv_inst/USE_READ.USE_SPLIT_R.read_addr_inst/USE_R_CHANNEL.cmd_queue/inst/fifo_gen_inst/inst_fifo_gen/gconvfifo.rf/grf.rf/gntv_or_sync_fifo.gl0.rd/gr1.gr1_int.rfwft/empty_fwft_i_reg) that has an active asychronous set or reset. This may cause corruption of the memory contents and/or read values when the set/reset is asserted and is not analyzed by the default static timing analysis. It is suggested to eliminate the use of a set/reset to registers driving this RAMB pin or else use a synchronous reset in which the assertion of the reset is timed by default.
Related violations: <none>

REQP-1840#4 Warning
RAMB18 async control check  
The RAMB18E1 design_1_i/fast_accel_0/inst/gmem_m_axi_U/bus_read/buff_rdata/mem_reg has an input control pin design_1_i/fast_accel_0/inst/gmem_m_axi_U/bus_read/buff_rdata/mem_reg/WEBWE[3] (net: design_1_i/fast_accel_0/inst/gmem_m_axi_U/bus_read/buff_rdata/m_axi_gmem_RVALID) which is driven by a register (design_1_i/axi_mem_intercon/s00_couplers/auto_pc/inst/gen_axi4_axi3.axi3_conv_inst/USE_READ.USE_SPLIT_R.read_addr_inst/USE_R_CHANNEL.cmd_queue/inst/fifo_gen_inst/inst_fifo_gen/gconvfifo.rf/grf.rf/gntv_or_sync_fifo.gl0.rd/gr1.gr1_int.rfwft/empty_fwft_i_reg) that has an active asychronous set or reset. This may cause corruption of the memory contents and/or read values when the set/reset is asserted and is not analyzed by the default static timing analysis. It is suggested to eliminate the use of a set/reset to registers driving this RAMB pin or else use a synchronous reset in which the assertion of the reset is timed by default.
Related violations: <none>

REQP-1840#5 Warning
RAMB18 async control check  
The RAMB18E1 design_1_i/fast_accel_0/inst/gmem_m_axi_U/bus_write/buff_wdata/mem_reg has an input control pin design_1_i/fast_accel_0/inst/gmem_m_axi_U/bus_write/buff_wdata/mem_reg/ADDRARDADDR[10] (net: design_1_i/fast_accel_0/inst/gmem_m_axi_U/bus_write/buff_wdata/rnext[5]) which is driven by a register (design_1_i/axi_mem_intercon/s00_couplers/auto_pc/inst/gen_axi4_axi3.axi3_conv_inst/USE_WRITE.write_addr_inst/USE_BURSTS.cmd_queue/inst/fifo_gen_inst/inst_fifo_gen/gconvfifo.rf/grf.rf/gntv_or_sync_fifo.gl0.rd/gr1.gr1_int.rfwft/empty_fwft_i_reg) that has an active asychronous set or reset. This may cause corruption of the memory contents and/or read values when the set/reset is asserted and is not analyzed by the default static timing analysis. It is suggested to eliminate the use of a set/reset to registers driving this RAMB pin or else use a synchronous reset in which the assertion of the reset is timed by default.
Related violations: <none>

REQP-1840#6 Warning
RAMB18 async control check  
The RAMB18E1 design_1_i/fast_accel_0/inst/gmem_m_axi_U/bus_write/buff_wdata/mem_reg has an input control pin design_1_i/fast_accel_0/inst/gmem_m_axi_U/bus_write/buff_wdata/mem_reg/ADDRARDADDR[11] (net: design_1_i/fast_accel_0/inst/gmem_m_axi_U/bus_write/buff_wdata/rnext[6]) which is driven by a register (design_1_i/axi_mem_intercon/s00_couplers/auto_pc/inst/gen_axi4_axi3.axi3_conv_inst/USE_WRITE.write_addr_inst/USE_BURSTS.cmd_queue/inst/fifo_gen_inst/inst_fifo_gen/gconvfifo.rf/grf.rf/gntv_or_sync_fifo.gl0.rd/gr1.gr1_int.rfwft/empty_fwft_i_reg) that has an active asychronous set or reset. This may cause corruption of the memory contents and/or read values when the set/reset is asserted and is not analyzed by the default static timing analysis. It is suggested to eliminate the use of a set/reset to registers driving this RAMB pin or else use a synchronous reset in which the assertion of the reset is timed by default.
Related violations: <none>

REQP-1840#7 Warning
RAMB18 async control check  
The RAMB18E1 design_1_i/fast_accel_0/inst/gmem_m_axi_U/bus_write/buff_wdata/mem_reg has an input control pin design_1_i/fast_accel_0/inst/gmem_m_axi_U/bus_write/buff_wdata/mem_reg/ADDRARDADDR[12] (net: design_1_i/fast_accel_0/inst/gmem_m_axi_U/bus_write/buff_wdata/rnext[7]) which is driven by a register (design_1_i/axi_mem_intercon/s00_couplers/auto_pc/inst/gen_axi4_axi3.axi3_conv_inst/USE_WRITE.write_addr_inst/USE_BURSTS.cmd_queue/inst/fifo_gen_inst/inst_fifo_gen/gconvfifo.rf/grf.rf/gntv_or_sync_fifo.gl0.rd/gr1.gr1_int.rfwft/empty_fwft_i_reg) that has an active asychronous set or reset. This may cause corruption of the memory contents and/or read values when the set/reset is asserted and is not analyzed by the default static timing analysis. It is suggested to eliminate the use of a set/reset to registers driving this RAMB pin or else use a synchronous reset in which the assertion of the reset is timed by default.
Related violations: <none>

REQP-1840#8 Warning
RAMB18 async control check  
The RAMB18E1 design_1_i/fast_accel_0/inst/gmem_m_axi_U/bus_write/buff_wdata/mem_reg has an input control pin design_1_i/fast_accel_0/inst/gmem_m_axi_U/bus_write/buff_wdata/mem_reg/ADDRARDADDR[5] (net: design_1_i/fast_accel_0/inst/gmem_m_axi_U/bus_write/buff_wdata/rnext[0]) which is driven by a register (design_1_i/axi_mem_intercon/s00_couplers/auto_pc/inst/gen_axi4_axi3.axi3_conv_inst/USE_WRITE.write_addr_inst/USE_BURSTS.cmd_queue/inst/fifo_gen_inst/inst_fifo_gen/gconvfifo.rf/grf.rf/gntv_or_sync_fifo.gl0.rd/gr1.gr1_int.rfwft/empty_fwft_i_reg) that has an active asychronous set or reset. This may cause corruption of the memory contents and/or read values when the set/reset is asserted and is not analyzed by the default static timing analysis. It is suggested to eliminate the use of a set/reset to registers driving this RAMB pin or else use a synchronous reset in which the assertion of the reset is timed by default.
Related violations: <none>

REQP-1840#9 Warning
RAMB18 async control check  
The RAMB18E1 design_1_i/fast_accel_0/inst/gmem_m_axi_U/bus_write/buff_wdata/mem_reg has an input control pin design_1_i/fast_accel_0/inst/gmem_m_axi_U/bus_write/buff_wdata/mem_reg/ADDRARDADDR[6] (net: design_1_i/fast_accel_0/inst/gmem_m_axi_U/bus_write/buff_wdata/rnext[1]) which is driven by a register (design_1_i/axi_mem_intercon/s00_couplers/auto_pc/inst/gen_axi4_axi3.axi3_conv_inst/USE_WRITE.write_addr_inst/USE_BURSTS.cmd_queue/inst/fifo_gen_inst/inst_fifo_gen/gconvfifo.rf/grf.rf/gntv_or_sync_fifo.gl0.rd/gr1.gr1_int.rfwft/empty_fwft_i_reg) that has an active asychronous set or reset. This may cause corruption of the memory contents and/or read values when the set/reset is asserted and is not analyzed by the default static timing analysis. It is suggested to eliminate the use of a set/reset to registers driving this RAMB pin or else use a synchronous reset in which the assertion of the reset is timed by default.
Related violations: <none>

REQP-1840#10 Warning
RAMB18 async control check  
The RAMB18E1 design_1_i/fast_accel_0/inst/gmem_m_axi_U/bus_write/buff_wdata/mem_reg has an input control pin design_1_i/fast_accel_0/inst/gmem_m_axi_U/bus_write/buff_wdata/mem_reg/ADDRARDADDR[7] (net: design_1_i/fast_accel_0/inst/gmem_m_axi_U/bus_write/buff_wdata/rnext[2]) which is driven by a register (design_1_i/axi_mem_intercon/s00_couplers/auto_pc/inst/gen_axi4_axi3.axi3_conv_inst/USE_WRITE.write_addr_inst/USE_BURSTS.cmd_queue/inst/fifo_gen_inst/inst_fifo_gen/gconvfifo.rf/grf.rf/gntv_or_sync_fifo.gl0.rd/gr1.gr1_int.rfwft/empty_fwft_i_reg) that has an active asychronous set or reset. This may cause corruption of the memory contents and/or read values when the set/reset is asserted and is not analyzed by the default static timing analysis. It is suggested to eliminate the use of a set/reset to registers driving this RAMB pin or else use a synchronous reset in which the assertion of the reset is timed by default.
Related violations: <none>

REQP-1840#11 Warning
RAMB18 async control check  
The RAMB18E1 design_1_i/fast_accel_0/inst/gmem_m_axi_U/bus_write/buff_wdata/mem_reg has an input control pin design_1_i/fast_accel_0/inst/gmem_m_axi_U/bus_write/buff_wdata/mem_reg/ADDRARDADDR[8] (net: design_1_i/fast_accel_0/inst/gmem_m_axi_U/bus_write/buff_wdata/rnext[3]) which is driven by a register (design_1_i/axi_mem_intercon/s00_couplers/auto_pc/inst/gen_axi4_axi3.axi3_conv_inst/USE_WRITE.write_addr_inst/USE_BURSTS.cmd_queue/inst/fifo_gen_inst/inst_fifo_gen/gconvfifo.rf/grf.rf/gntv_or_sync_fifo.gl0.rd/gr1.gr1_int.rfwft/empty_fwft_i_reg) that has an active asychronous set or reset. This may cause corruption of the memory contents and/or read values when the set/reset is asserted and is not analyzed by the default static timing analysis. It is suggested to eliminate the use of a set/reset to registers driving this RAMB pin or else use a synchronous reset in which the assertion of the reset is timed by default.
Related violations: <none>

REQP-1840#12 Warning
RAMB18 async control check  
The RAMB18E1 design_1_i/fast_accel_0/inst/gmem_m_axi_U/bus_write/buff_wdata/mem_reg has an input control pin design_1_i/fast_accel_0/inst/gmem_m_axi_U/bus_write/buff_wdata/mem_reg/ADDRARDADDR[9] (net: design_1_i/fast_accel_0/inst/gmem_m_axi_U/bus_write/buff_wdata/rnext[4]) which is driven by a register (design_1_i/axi_mem_intercon/s00_couplers/auto_pc/inst/gen_axi4_axi3.axi3_conv_inst/USE_WRITE.write_addr_inst/USE_BURSTS.cmd_queue/inst/fifo_gen_inst/inst_fifo_gen/gconvfifo.rf/grf.rf/gntv_or_sync_fifo.gl0.rd/gr1.gr1_int.rfwft/empty_fwft_i_reg) that has an active asychronous set or reset. This may cause corruption of the memory contents and/or read values when the set/reset is asserted and is not analyzed by the default static timing analysis. It is suggested to eliminate the use of a set/reset to registers driving this RAMB pin or else use a synchronous reset in which the assertion of the reset is timed by default.
Related violations: <none>


